{"C:\\Users\\User\\OneDrive\\桌面\\大三下作業\\SoftwareTesting\\HW3\\ProgrammedSettings.js": {"path":"C:\\Users\\User\\OneDrive\\桌面\\大三下作業\\SoftwareTesting\\HW3\\ProgrammedSettings.js","statementMap":{"0":{"start":{"line":4,"column":15},"end":{"line":9,"column":1}},"1":{"start":{"line":11,"column":16},"end":{"line":14,"column":1}},"2":{"start":{"line":18,"column":4},"end":{"line":18,"column":23}},"3":{"start":{"line":20,"column":4},"end":{"line":25,"column":5}},"4":{"start":{"line":21,"column":6},"end":{"line":21,"column":33}},"5":{"start":{"line":22,"column":6},"end":{"line":24,"column":7}},"6":{"start":{"line":23,"column":8},"end":{"line":23,"column":40}},"7":{"start":{"line":29,"column":4},"end":{"line":31,"column":5}},"8":{"start":{"line":30,"column":6},"end":{"line":30,"column":40}},"9":{"start":{"line":35,"column":4},"end":{"line":35,"column":46}},"10":{"start":{"line":39,"column":4},"end":{"line":39,"column":50}},"11":{"start":{"line":43,"column":0},"end":{"line":47,"column":2}}},"fnMap":{"0":{"name":"(anonymous_0)","decl":{"start":{"line":17,"column":2},"end":{"line":17,"column":3}},"loc":{"start":{"line":17,"column":16},"end":{"line":26,"column":3}},"line":17},"1":{"name":"(anonymous_1)","decl":{"start":{"line":28,"column":2},"end":{"line":28,"column":3}},"loc":{"start":{"line":28,"column":32},"end":{"line":32,"column":3}},"line":28},"2":{"name":"(anonymous_2)","decl":{"start":{"line":34,"column":2},"end":{"line":34,"column":3}},"loc":{"start":{"line":34,"column":26},"end":{"line":36,"column":3}},"line":34},"3":{"name":"(anonymous_3)","decl":{"start":{"line":38,"column":2},"end":{"line":38,"column":3}},"loc":{"start":{"line":38,"column":13},"end":{"line":40,"column":3}},"line":38}},"branchMap":{"0":{"loc":{"start":{"line":29,"column":4},"end":{"line":31,"column":5}},"type":"if","locations":[{"start":{"line":29,"column":4},"end":{"line":31,"column":5}},{"start":{},"end":{}}],"line":29},"1":{"loc":{"start":{"line":35,"column":11},"end":{"line":35,"column":45}},"type":"binary-expr","locations":[{"start":{"line":35,"column":11},"end":{"line":35,"column":39}},{"start":{"line":35,"column":43},"end":{"line":35,"column":45}}],"line":35}},"s":{"0":1,"1":1,"2":9,"3":9,"4":36,"5":36,"6":72,"7":7,"8":6,"9":5,"10":1,"11":1},"f":{"0":9,"1":7,"2":5,"3":1},"b":{"0":[6,1],"1":[5,1]},"_coverageSchema":"1a1c01bbd47fc00a2c39e90264f33305004495a9","hash":"2e2ec431fc79df3945fe0f53b3a6815afbc1cac8"}
,"C:\\Users\\User\\OneDrive\\桌面\\大三下作業\\SoftwareTesting\\HW3\\Thermostat.js": {"path":"C:\\Users\\User\\OneDrive\\桌面\\大三下作業\\SoftwareTesting\\HW3\\Thermostat.js","statementMap":{"0":{"start":{"line":5,"column":4},"end":{"line":5,"column":21}},"1":{"start":{"line":6,"column":4},"end":{"line":6,"column":27}},"2":{"start":{"line":7,"column":4},"end":{"line":7,"column":30}},"3":{"start":{"line":8,"column":4},"end":{"line":8,"column":20}},"4":{"start":{"line":9,"column":4},"end":{"line":9,"column":26}},"5":{"start":{"line":10,"column":4},"end":{"line":10,"column":22}},"6":{"start":{"line":11,"column":4},"end":{"line":11,"column":21}},"7":{"start":{"line":12,"column":4},"end":{"line":12,"column":26}},"8":{"start":{"line":13,"column":4},"end":{"line":13,"column":23}},"9":{"start":{"line":14,"column":4},"end":{"line":14,"column":20}},"10":{"start":{"line":20,"column":4},"end":{"line":24,"column":5}},"11":{"start":{"line":21,"column":6},"end":{"line":21,"column":33}},"12":{"start":{"line":23,"column":6},"end":{"line":23,"column":72}},"13":{"start":{"line":26,"column":4},"end":{"line":27,"column":59}},"14":{"start":{"line":29,"column":4},"end":{"line":29,"column":42}},"15":{"start":{"line":31,"column":4},"end":{"line":34,"column":6}},"16":{"start":{"line":38,"column":4},"end":{"line":38,"column":24}},"17":{"start":{"line":42,"column":4},"end":{"line":42,"column":25}},"18":{"start":{"line":43,"column":4},"end":{"line":43,"column":25}},"19":{"start":{"line":47,"column":4},"end":{"line":47,"column":26}},"20":{"start":{"line":51,"column":0},"end":{"line":51,"column":28}}},"fnMap":{"0":{"name":"(anonymous_0)","decl":{"start":{"line":4,"column":2},"end":{"line":4,"column":3}},"loc":{"start":{"line":4,"column":16},"end":{"line":15,"column":3}},"line":4},"1":{"name":"(anonymous_1)","decl":{"start":{"line":18,"column":2},"end":{"line":18,"column":3}},"loc":{"start":{"line":18,"column":35},"end":{"line":35,"column":3}},"line":18},"2":{"name":"(anonymous_2)","decl":{"start":{"line":37,"column":2},"end":{"line":37,"column":3}},"loc":{"start":{"line":37,"column":23},"end":{"line":39,"column":3}},"line":37},"3":{"name":"(anonymous_3)","decl":{"start":{"line":41,"column":2},"end":{"line":41,"column":3}},"loc":{"start":{"line":41,"column":20},"end":{"line":44,"column":3}},"line":41},"4":{"name":"(anonymous_4)","decl":{"start":{"line":46,"column":2},"end":{"line":46,"column":3}},"loc":{"start":{"line":46,"column":18},"end":{"line":48,"column":3}},"line":46}},"branchMap":{"0":{"loc":{"start":{"line":20,"column":4},"end":{"line":24,"column":5}},"type":"if","locations":[{"start":{"line":20,"column":4},"end":{"line":24,"column":5}},{"start":{"line":22,"column":11},"end":{"line":24,"column":5}}],"line":20},"1":{"loc":{"start":{"line":26,"column":20},"end":{"line":27,"column":58}},"type":"binary-expr","locations":[{"start":{"line":26,"column":21},"end":{"line":26,"column":67}},{"start":{"line":27,"column":21},"end":{"line":27,"column":57}}],"line":26},"2":{"loc":{"start":{"line":29,"column":19},"end":{"line":29,"column":41}},"type":"cond-expr","locations":[{"start":{"line":29,"column":35},"end":{"line":29,"column":37}},{"start":{"line":29,"column":40},"end":{"line":29,"column":41}}],"line":29}},"s":{"0":5,"1":5,"2":5,"3":5,"4":5,"5":5,"6":5,"7":5,"8":5,"9":5,"10":4,"11":1,"12":3,"13":4,"14":4,"15":4,"16":4,"17":2,"18":2,"19":1,"20":1},"f":{"0":5,"1":4,"2":4,"3":2,"4":1},"b":{"0":[1,3],"1":[4,3],"2":[2,2]},"_coverageSchema":"1a1c01bbd47fc00a2c39e90264f33305004495a9","hash":"cf2a602f956b6e5cd3311d4da2e101154cdc675a"}
}
