TN:
SF:ProgrammedSettings.js
FN:17,(anonymous_0)
FN:28,(anonymous_1)
FN:34,(anonymous_2)
FN:38,(anonymous_3)
FNF:4
FNH:4
FNDA:9,(anonymous_0)
FNDA:7,(anonymous_1)
FNDA:5,(anonymous_2)
FNDA:1,(anonymous_3)
DA:4,1
DA:11,1
DA:18,9
DA:20,9
DA:21,36
DA:22,36
DA:23,72
DA:29,7
DA:30,6
DA:35,5
DA:39,1
DA:43,1
LF:12
LH:12
BRDA:29,0,0,6
BRDA:29,0,1,1
BRDA:35,1,0,5
BRDA:35,1,1,1
BRF:4
BRH:4
end_of_record
TN:
SF:Thermostat.js
FN:4,(anonymous_0)
FN:18,(anonymous_1)
FN:37,(anonymous_2)
FN:41,(anonymous_3)
FN:46,(anonymous_4)
FNF:5
FNH:5
FNDA:5,(anonymous_0)
FNDA:4,(anonymous_1)
FNDA:4,(anonymous_2)
FNDA:2,(anonymous_3)
FNDA:1,(anonymous_4)
DA:5,5
DA:6,5
DA:7,5
DA:8,5
DA:9,5
DA:10,5
DA:11,5
DA:12,5
DA:13,5
DA:14,5
DA:20,4
DA:21,1
DA:23,3
DA:26,4
DA:29,4
DA:31,4
DA:38,4
DA:42,2
DA:43,2
DA:47,1
DA:51,1
LF:21
LH:21
BRDA:20,0,0,1
BRDA:20,0,1,3
BRDA:26,1,0,4
BRDA:26,1,1,3
BRDA:29,2,0,2
BRDA:29,2,1,2
BRF:6
BRH:6
end_of_record
